2024-05-14-17-28-53 : youssef : INFO : Getting installed packages...
2024-05-14-17-29-01 : youssef : SUCCESS : Installed packages retrieved.
2024-05-14-17-29-01 : youssef : SUCCESS : Installed packages saved to 'packages.csv' file.
2024-05-14-17-29-36 : youssef : INFO : Installing package: 7-Zip
2024-05-14-17-29-36 : youssef : INFO : Checking if package with id: 7zip.7zip is installed...
2024-05-14-17-29-38 : youssef : SUCCESS : Package with id: 7zip.7zip is installed.
2024-05-14-17-29-38 : youssef : INFO : Installing package: CLion
2024-05-14-17-29-38 : youssef : INFO : Checking if package with id: JetBrains.CLion is installed...
2024-05-14-17-29-39 : youssef : SUCCESS : Package with id: JetBrains.CLion is installed.
2024-05-14-17-29-39 : youssef : INFO : Installing package: CPUID CPU-Z
2024-05-14-17-29-39 : youssef : INFO : Checking if package with id: CPUID.CPU-Z is installed...
2024-05-14-17-29-40 : youssef : ERROR : Package with id: CPUID.CPU-Z is not installed.
2024-05-14-17-29-40 : youssef : INFO : Starting installing package with id: CPUID.CPU-Z...
2024-05-14-17-29-53 : youssef : SUCCESS : Finished installing package with id: CPUID.CPU-Z.
2024-05-14-17-29-53 : youssef : INFO : Checking if package with id: CPUID.CPU-Z is installed...
2024-05-14-17-29-55 : youssef : SUCCESS : Package with id: CPUID.CPU-Z is installed.
2024-05-14-17-29-55 : youssef : INFO : Successfully installed package: CPUID CPU-Z
2024-05-14-17-29-55 : youssef : INFO : Installing package: Ubuntu 22.04 LTS
2024-05-14-17-29-55 : youssef : INFO : Checking if package with id: Canonical.Ubuntu.2204 is installed...
2024-05-14-17-29-56 : youssef : SUCCESS : Package with id: Canonical.Ubuntu.2204 is installed.
2024-05-14-17-29-56 : youssef : INFO : Installing package: Discord
2024-05-14-17-29-56 : youssef : INFO : Checking if package with id: Discord.Discord is installed...
2024-05-14-17-29-58 : youssef : SUCCESS : Package with id: Discord.Discord is installed.
2024-05-14-17-29-58 : youssef : INFO : Installing package: Ditto
2024-05-14-17-29-58 : youssef : INFO : Checking if package with id: Ditto.Ditto is installed...
2024-05-14-17-29-59 : youssef : SUCCESS : Package with id: Ditto.Ditto is installed.
2024-05-14-17-29-59 : youssef : INFO : Installing package: Driver Booster
2024-05-14-17-29-59 : youssef : INFO : Checking if package with id: IObit.DriverBooster is installed...
2024-05-14-17-30-01 : youssef : SUCCESS : Package with id: IObit.DriverBooster is installed.
2024-05-14-17-30-01 : youssef : INFO : Installing package: GitHub Desktop
2024-05-14-17-30-01 : youssef : INFO : Checking if package with id: GitHub.GitHubDesktop is installed...
2024-05-14-17-30-02 : youssef : SUCCESS : Package with id: GitHub.GitHubDesktop is installed.
2024-05-14-17-30-02 : youssef : INFO : Installing package: Git
2024-05-14-17-30-02 : youssef : INFO : Checking if package with id: Git.Git is installed...
2024-05-14-17-30-03 : youssef : SUCCESS : Package with id: Git.Git is installed.
2024-05-14-17-30-03 : youssef : INFO : Installing package: FFmpeg
2024-05-14-17-30-03 : youssef : INFO : Checking if package with id: Gyan.FFmpeg is installed...
2024-05-14-17-30-05 : youssef : SUCCESS : Package with id: Gyan.FFmpeg is installed.
2024-05-14-17-30-05 : youssef : INFO : Installing package: Internet Download Manager
2024-05-14-17-30-05 : youssef : INFO : Checking if package with id: Tonec.InternetDownloadManager is installed...
2024-05-14-17-30-07 : youssef : SUCCESS : Package with id: Tonec.InternetDownloadManager is installed.
2024-05-14-17-30-07 : youssef : INFO : Installing package: Okular
2024-05-14-17-30-07 : youssef : INFO : Checking if package with id: 9N41MSQ1WNM8 is installed...
2024-05-14-17-30-08 : youssef : SUCCESS : Package with id: 9N41MSQ1WNM8 is installed.
2024-05-14-17-30-08 : youssef : INFO : Installing package: Krita
2024-05-14-17-30-08 : youssef : INFO : Checking if package with id: KDE.Krita is installed...
2024-05-14-17-30-09 : youssef : SUCCESS : Package with id: KDE.Krita is installed.
2024-05-14-17-30-09 : youssef : INFO : Installing package: syncthingtray
2024-05-14-17-30-09 : youssef : INFO : Checking if package with id: Martchus.syncthingtray is installed...
2024-05-14-17-48-56 : youssef : INFO : Getting installed packages...
2024-05-14-17-49-10 : youssef : SUCCESS : Installed packages retrieved.
2024-05-14-17-49-10 : youssef : SUCCESS : Installed packages saved to 'packages.csv' file.
2024-05-14-17-49-53 : youssef : INFO : Installing package: 7-Zip
2024-05-14-17-49-53 : youssef : INFO : Checking if package with id: 7zip.7zip is installed...
2024-05-14-17-49-56 : youssef : SUCCESS : Package with id: 7zip.7zip is installed.
2024-05-14-17-49-56 : youssef : INFO : Installing package: CLion
2024-05-14-17-49-56 : youssef : INFO : Checking if package with id: JetBrains.CLion is installed...
2024-05-14-17-49-57 : youssef : SUCCESS : Package with id: JetBrains.CLion is installed.
2024-05-14-17-49-57 : youssef : INFO : Installing package: CPUID CPU-Z
2024-05-14-17-49-57 : youssef : INFO : Checking if package with id: CPUID.CPU-Z is installed...
2024-05-14-17-49-59 : youssef : ERROR : Package with id: CPUID.CPU-Z is not installed.
2024-05-14-17-49-59 : youssef : INFO : Starting installing package with id: CPUID.CPU-Z...
2024-05-14-17-50-07 : youssef : SUCCESS : Finished installing package with id: CPUID.CPU-Z.
2024-05-14-17-50-07 : youssef : INFO : Checking if package with id: CPUID.CPU-Z is installed...
2024-05-14-17-50-09 : youssef : SUCCESS : Package with id: CPUID.CPU-Z is installed.
2024-05-14-17-50-09 : youssef : INFO : Successfully installed package: CPUID CPU-Z
2024-05-14-17-50-09 : youssef : INFO : Installing package: Ubuntu 22.04 LTS
2024-05-14-17-50-09 : youssef : INFO : Checking if package with id: Canonical.Ubuntu.2204 is installed...
2024-05-14-23-11-16 : youssef : INFO : Getting installed packages...
2024-05-14-23-11-32 : youssef : SUCCESS : Installed packages retrieved.
2024-05-14-23-11-32 : youssef : SUCCESS : Installed packages saved to 'packages.csv' file.
2024-05-14-23-43-13 : youssef : INFO : Getting installed packages...
2024-05-14-23-43-25 : youssef : SUCCESS : Installed packages retrieved.
2024-05-14-23-43-25 : youssef : SUCCESS : Installed packages saved to 'packages.csv' file.
2024-05-14-23-48-05 : youssef : INFO : Installing package: 7-Zip
2024-05-14-23-48-05 : youssef : INFO : Checking if package with id: 7zip.7zip is installed...
2024-05-14-23-48-06 : youssef : SUCCESS : Package with id: 7zip.7zip is installed.
2024-05-14-23-48-06 : youssef : INFO : Installing package: CLion
2024-05-14-23-48-06 : youssef : INFO : Checking if package with id: JetBrains.CLion is installed...
2024-05-14-23-48-07 : youssef : SUCCESS : Package with id: JetBrains.CLion is installed.
2024-05-14-23-48-07 : youssef : INFO : Installing package: CPUID CPU-Z
2024-05-14-23-48-07 : youssef : INFO : Checking if package with id: CPUID.CPU-Z is installed...
2024-05-14-23-48-08 : youssef : ERROR : Package with id: CPUID.CPU-Z is not installed.
2024-05-14-23-48-08 : youssef : INFO : Starting installing package with id: CPUID.CPU-Z...
2024-05-14-23-48-16 : youssef : SUCCESS : Finished installing package with id: CPUID.CPU-Z.
2024-05-14-23-48-16 : youssef : INFO : Checking if package with id: CPUID.CPU-Z is installed...
2024-05-14-23-48-17 : youssef : SUCCESS : Package with id: CPUID.CPU-Z is installed.
2024-05-14-23-48-17 : youssef : INFO : Successfully installed package: CPUID CPU-Z
2024-05-14-23-48-17 : youssef : INFO : Installing package: Ubuntu 22.04 LTS
2024-05-14-23-48-17 : youssef : INFO : Checking if package with id: Canonical.Ubuntu.2204 is installed...
2024-05-14-23-48-19 : youssef : SUCCESS : Package with id: Canonical.Ubuntu.2204 is installed.
2024-05-14-23-48-19 : youssef : INFO : Installing package: Discord
2024-05-14-23-48-19 : youssef : INFO : Checking if package with id: Discord.Discord is installed...
